<?xml version="1.0" encoding="UTF-8"?>
<!-- Generated by org.testng.reporters.JUnitReportReporter -->
<testsuite skipped="0" hostname="DESKTOP-8327OVV" name="com.actitime.generic.WelcomeTesting" tests="1" failures="0" timestamp="2022-09-06T12:36:10 IST" time="0.017" errors="0">
  <testcase name="demoTest" time="0.017" classname="com.actitime.generic.WelcomeTesting"/>
  <system-out>
    <![CDATA[welcome to testing]]>
  </system-out>
</testsuite> <!-- com.actitime.generic.WelcomeTesting -->
