<?xml version="1.0" encoding="UTF-8"?>
<!-- Generated by org.testng.reporters.JUnitReportReporter -->
<testsuite skipped="0" hostname="DESKTOP-8327OVV" name="qsp.DemoTestNg" tests="1" failures="0" timestamp="2022-08-28T13:11:05 IST" time="0.005" errors="0">
  <testcase name="demoTest" time="0.005" classname="qsp.DemoTestNg"/>
  <system-out>
    <![CDATA[welcome to testing]]>
  </system-out>
</testsuite> <!-- qsp.DemoTestNg -->
